<?xml version="1.0" encoding="UTF-8"?>
<!-- Generated by org.testng.reporters.JUnitReportReporter -->
<testsuite hostname="ISOLT-182" failures="0" tests="1" name="Actionone" time="24.643" errors="0" timestamp="2025-07-30T22:49:59 IST" skipped="0">
  <testcase classname="Actionone" name="finalone" time="24.643"/>
</testsuite> <!-- Actionone -->
