<?xml version="1.0" encoding="UTF-8"?>
<!-- Generated by org.testng.reporters.JUnitReportReporter -->
<testsuite hostname="ISOLT-182" failures="0" tests="1" name="Actionone" time="23.988" errors="0" timestamp="2025-07-30T23:32:28 IST" skipped="0">
  <testcase classname="Actionone" name="finalone" time="23.988"/>
</testsuite> <!-- Actionone -->
